<?xml version="1.0" encoding="UTF-8"?>
<!-- Generated by org.testng.reporters.JUnitXMLReporter -->
<testsuite ignored="1" hostname="DESKTOP-A8FMS7E" failures="2" tests="2" name="Alltests1" time="0.096" errors="0" timestamp="2024-10-31T16:30:12 IST">
  <testcase classname="Overall.SeleniumFramework1.Error_Validation" name="ProductErrorValidation" time="0.03">
    <failure type="java.lang.NullPointerException" message="Cannot invoke &amp;quot;program.pageobjects.Landing_page.Gotopage()&amp;quot; because &amp;quot;this.new1&amp;quot; is null">
      <![CDATA[java.lang.NullPointerException: Cannot invoke "program.pageobjects.Landing_page.Gotopage()" because "this.new1" is null
at Overall.SeleniumFramework1.Error_Validation.ProductErrorValidation(Error_Validation.java:45)
at java.base/java.util.ArrayList.forEach(ArrayList.java:1596)
... Removed 25 stack frames]]>
    </failure>
  </testcase> <!-- ProductErrorValidation -->
  <testcase classname="Overall.SeleniumFramework1.Error_Validation" name="submitOrder" time="0.002">
    <failure type="java.lang.NullPointerException" message="Cannot invoke &amp;quot;program.pageobjects.Landing_page.Gotopage()&amp;quot; because &amp;quot;this.new1&amp;quot; is null">
      <![CDATA[java.lang.NullPointerException: Cannot invoke "program.pageobjects.Landing_page.Gotopage()" because "this.new1" is null
at Overall.SeleniumFramework1.Error_Validation.submitOrder(Error_Validation.java:34)
at java.base/java.util.ArrayList.forEach(ArrayList.java:1596)
... Removed 25 stack frames]]>
    </failure>
  </testcase> <!-- submitOrder -->
  <testcase classname="Overall.SeleniumFramework1.Error_Validation" name="OrderHistorytest" time="0.0">
    <ignored/>
  </testcase> <!-- OrderHistorytest -->
</testsuite> <!-- Alltests1 -->
